# JRE version: Java(TM) SE Runtime Environment (8.0_131-b11) (build 1.8.0_131-b11)
# Java VM: Java HotSpot(TM) Client VM (25.131-b11 mixed mode windows-x86 )
Heap:
 def new generation   total 14656K, used 6139K [0x04400000, 0x053e0000, 0x09950000)
  eden space 13056K,  35% used [0x04400000, 0x0488c150, 0x050c0000)
  from space 1600K,  92% used [0x050c0000, 0x05232ea0, 0x05250000)
  to   space 1600K,   0% used [0x05250000, 0x05250000, 0x053e0000)
 tenured generation   total 31816K, used 23082K [0x09950000, 0x0b862000, 0x14400000)
   the space 31816K,  72% used [0x09950000, 0x0afda9b8, 0x0afdaa00, 0x0b862000)
 Metaspace       used 8259K, capacity 8523K, committed 8576K, reserved 8576K
GC Heap History (10 events):
Event: 831.973 GC heap before
{Heap before GC invocations=332 (full 10):
 def new generation   total 14720K, used 13120K [0x04400000, 0x053f0000, 0x09950000)
  eden space 13120K, 100% used [0x04400000, 0x050d0000, 0x050d0000)
  from space 1600K,   0% used [0x050d0000, 0x050d0000, 0x05260000)
  to   space 1600K,   0% used [0x05260000, 0x05260000, 0x053f0000)
 tenured generation   total 31648K, used 28488K [0x09950000, 0x0b838000, 0x14400000)
   the space 31648K,  90% used [0x09950000, 0x0b522338, 0x0b522400, 0x0b838000)
 Metaspace       used 8252K, capacity 8520K, committed 8576K, reserved 8576K
Event: 831.974 GC heap after
Heap after GC invocations=333 (full 10):
 def new generation   total 14720K, used 1600K [0x04400000, 0x053f0000, 0x09950000)
  eden space 13120K,   0% used [0x04400000, 0x04400000, 0x050d0000)
  from space 1600K, 100% used [0x05260000, 0x053f0000, 0x053f0000)
  to   space 1600K,   0% used [0x050d0000, 0x050d0000, 0x05260000)
 tenured generation   total 31648K, used 28656K [0x09950000, 0x0b838000, 0x14400000)
   the space 31648K,  90% used [0x09950000, 0x0b54c0a0, 0x0b54c200, 0x0b838000)
 Metaspace       used 8252K, capacity 8520K, committed 8576K, reserved 8576K
}
Event: 832.151 GC heap before
{Heap before GC invocations=333 (full 10):
 def new generation   total 14720K, used 14720K [0x04400000, 0x053f0000, 0x09950000)
  eden space 13120K, 100% used [0x04400000, 0x050d0000, 0x050d0000)
  from space 1600K, 100% used [0x05260000, 0x053f0000, 0x053f0000)
  to   space 1600K,   0% used [0x050d0000, 0x050d0000, 0x05260000)
 tenured generation   total 31648K, used 28656K [0x09950000, 0x0b838000, 0x14400000)
   the space 31648K,  90% used [0x09950000, 0x0b54c0a0, 0x0b54c200, 0x0b838000)
 Metaspace       used 8252K, capacity 8520K, committed 8576K, reserved 8576K
Event: 832.153 GC heap after
Heap after GC invocations=334 (full 10):
 def new generation   total 14720K, used 1494K [0x04400000, 0x053f0000, 0x09950000)
  eden space 13120K,   0% used [0x04400000, 0x04400000, 0x050d0000)
  from space 1600K,  93% used [0x050d0000, 0x05245ab8, 0x05260000)
  to   space 1600K,   0% used [0x05260000, 0x05260000, 0x053f0000)
 tenured generation   total 31648K, used 31190K [0x09950000, 0x0b838000, 0x14400000)
   the space 31648K,  98% used [0x09950000, 0x0b7c5ac8, 0x0b7c5c00, 0x0b838000)
 Metaspace       used 8252K, capacity 8520K, committed 8576K, reserved 8576K
}
Event: 832.412 GC heap before
{Heap before GC invocations=334 (full 10):
 def new generation   total 14720K, used 14618K [0x04400000, 0x053f0000, 0x09950000)
  eden space 13120K, 100% used [0x04400000, 0x050d0000, 0x050d0000)
  from space 1600K,  93% used [0x050d0000, 0x052468e0, 0x05260000)
  to   space 1600K,   0% used [0x05260000, 0x05260000, 0x053f0000)
 tenured generation   total 31648K, used 31190K [0x09950000, 0x0b838000, 0x14400000)
   the space 31648K,  98% used [0x09950000, 0x0b7c5ac8, 0x0b7c5c00, 0x0b838000)
 Metaspace       used 8252K, capacity 8520K, committed 8576K, reserved 8576K
Event: 832.428 GC heap after
Heap after GC invocations=335 (full 11):
 def new generation   total 14656K, used 0K [0x04400000, 0x053e0000, 0x09950000)
  eden space 13056K,   0% used [0x04400000, 0x04400000, 0x050c0000)
  from space 1600K,   0% used [0x050c0000, 0x050c0000, 0x05250000)
  to   space 1600K,   0% used [0x05250000, 0x05250000, 0x053e0000)
 tenured generation   total 31816K, used 19088K [0x09950000, 0x0b862000, 0x14400000)
   the space 31816K,  59% used [0x09950000, 0x0abf42c0, 0x0abf4400, 0x0b862000)
 Metaspace       used 8252K, capacity 8520K, committed 8576K, reserved 8576K
}
Event: 832.572 GC heap before
{Heap before GC invocations=335 (full 11):
 def new generation   total 14656K, used 13006K [0x04400000, 0x053e0000, 0x09950000)
  eden space 13056K,  99% used [0x04400000, 0x050b3a88, 0x050c0000)
  from space 1600K,   0% used [0x050c0000, 0x050c0000, 0x05250000)
  to   space 1600K,   0% used [0x05250000, 0x05250000, 0x053e0000)
 tenured generation   total 31816K, used 19088K [0x09950000, 0x0b862000, 0x14400000)
   the space 31816K,  59% used [0x09950000, 0x0abf42c0, 0x0abf4400, 0x0b862000)
 Metaspace       used 8252K, capacity 8520K, committed 8576K, reserved 8576K
Event: 832.574 GC heap after
Heap after GC invocations=336 (full 11):
 def new generation   total 14656K, used 1580K [0x04400000, 0x053e0000, 0x09950000)
  eden space 13056K,   0% used [0x04400000, 0x04400000, 0x050c0000)
  from space 1600K,  98% used [0x05250000, 0x053db030, 0x053e0000)
  to   space 1600K,   0% used [0x050c0000, 0x050c0000, 0x05250000)
 tenured generation   total 31816K, used 20963K [0x09950000, 0x0b862000, 0x14400000)
   the space 31816K,  65% used [0x09950000, 0x0adc8f80, 0x0adc9000, 0x0b862000)
 Metaspace       used 8252K, capacity 8520K, committed 8576K, reserved 8576K
}
Event: 832.786 GC heap before
{Heap before GC invocations=336 (full 11):
 def new generation   total 14656K, used 14636K [0x04400000, 0x053e0000, 0x09950000)
  eden space 13056K, 100% used [0x04400000, 0x050c0000, 0x050c0000)
  from space 1600K,  98% used [0x05250000, 0x053db100, 0x053e0000)
  to   space 1600K,   0% used [0x050c0000, 0x050c0000, 0x05250000)
 tenured generation   total 31816K, used 20963K [0x09950000, 0x0b862000, 0x14400000)
   the space 31816K,  65% used [0x09950000, 0x0adc8f80, 0x0adc9000, 0x0b862000)
 Metaspace       used 8252K, capacity 8520K, committed 8576K, reserved 8576K
Event: 832.787 GC heap after
Heap after GC invocations=337 (full 11):
 def new generation   total 14656K, used 1483K [0x04400000, 0x053e0000, 0x09950000)
  eden space 13056K,   0% used [0x04400000, 0x04400000, 0x050c0000)
  from space 1600K,  92% used [0x050c0000, 0x05232ea0, 0x05250000)
  to   space 1600K,   0% used [0x05250000, 0x05250000, 0x053e0000)
 tenured generation   total 31816K, used 23082K [0x09950000, 0x0b862000, 0x14400000)
   the space 31816K,  72% used [0x09950000, 0x0afda9b8, 0x0afdaa00, 0x0b862000)
 Metaspace       used 8252K, capacity 8520K, committed 8576K, reserved 8576K
}

